<?xml version="1.0" encoding="UTF-8"?>
<testsuite xmlns:xsi="http://www.w3.org/2001/XMLSchema-instance" xsi:noNamespaceSchemaLocation="https://maven.apache.org/surefire/maven-surefire-plugin/xsd/surefire-test-report.xsd" version="3.0.2" name="br.eti.luiza.garagem.GaragemApplicationTests" time="3.4" tests="1" errors="0" skipped="0" failures="0">
  <properties>
[...]
</properties>
  <testcase name="contextLoads" classname="br.eti.luiza.garagem.GaragemApplicationTests" time="0.489">
    <system-out><![CDATA[07:44:23.795 [main] INFO org.springframework.test.context.support.AnnotationConfigContextLoaderUtils -- Could not detect default configuration classes for test class [br.eti.luiza.garagem.GaragemApplicationTests]: GaragemApplicationTests does not declare any static, non-private, non-final, nested classes annotated with @Configuration.
07:44:23.888 [main] INFO org.springframework.boot.test.context.SpringBootTestContextBootstrapper -- Found @SpringBootConfiguration br.eti.luiza.garagem.GaragemApplication for test class br.eti.luiza.garagem.GaragemApplicationTests
07:44:24.033 [main] INFO org.springframework.boot.devtools.restart.RestartApplicationListener -- Restart disabled due to context in which it is running

  .   ____          _            __ _ _
 /\\ / ___'_ __ _ _(_)_ __  __ _ \ \ \ \
( ( )\___ | '_ | '_| | '_ \/ _` | \ \ \ \
 \\/  ___)| |_)| | | | | || (_| |  ) ) ) )
  '  |____| .__|_| |_|_| |_\__, | / / / /
 =========|_|==============|___/=/_/_/_/

 :: Spring Boot ::                (v3.4.4)

2025-03-21T07:44:24.257-03:00  INFO 8300 --- [garagem] [           main] b.e.l.garagem.GaragemApplicationTests    : Starting GaragemApplicationTests using Java 21.0.2 with PID 8300 (started by sesidevb in C:\Users\sesidevb\Documents\NetBeansProjects\garagem)
2025-03-21T07:44:24.258-03:00  INFO 8300 --- [garagem] [           main] b.e.l.garagem.GaragemApplicationTests    : No active profile set, falling back to 1 default profile: "default"
2025-03-21T07:44:24.757-03:00  INFO 8300 --- [garagem] [           main] .s.d.r.c.RepositoryConfigurationDelegate : Bootstrapping Spring Data JPA repositories in DEFAULT mode.
2025-03-21T07:44:24.777-03:00  INFO 8300 --- [garagem] [           main] .s.d.r.c.RepositoryConfigurationDelegate : Finished Spring Data repository scanning in 11 ms. Found 0 JPA repository interfaces.
2025-03-21T07:44:25.050-03:00  INFO 8300 --- [garagem] [           main] com.zaxxer.hikari.HikariDataSource       : HikariPool-1 - Starting...
2025-03-21T07:44:25.245-03:00  INFO 8300 --- [garagem] [           main] com.zaxxer.hikari.pool.HikariPool        : HikariPool-1 - Added connection conn0: url=jdbc:h2:mem:cf01dbc9-d454-43a1-a06f-c5c1732ef6af user=SA
2025-03-21T07:44:25.247-03:00  INFO 8300 --- [garagem] [           main] com.zaxxer.hikari.HikariDataSource       : HikariPool-1 - Start completed.
2025-03-21T07:44:25.290-03:00  INFO 8300 --- [garagem] [           main] o.hibernate.jpa.internal.util.LogHelper  : HHH000204: Processing PersistenceUnitInfo [name: default]
2025-03-21T07:44:25.336-03:00  INFO 8300 --- [garagem] [           main] org.hibernate.Version                    : HHH000412: Hibernate ORM core version 6.6.11.Final
2025-03-21T07:44:25.365-03:00  INFO 8300 --- [garagem] [           main] o.h.c.internal.RegionFactoryInitiator    : HHH000026: Second-level cache disabled
2025-03-21T07:44:25.643-03:00  INFO 8300 --- [garagem] [           main] o.s.o.j.p.SpringPersistenceUnitInfo      : No LoadTimeWeaver setup: ignoring JPA class transformer
2025-03-21T07:44:25.710-03:00  INFO 8300 --- [garagem] [           main] org.hibernate.orm.connections.pooling    : HHH10001005: Database info:
	Database JDBC URL [Connecting through datasource 'HikariDataSource (HikariPool-1)']
	Database driver: undefined/unknown
	Database version: 2.3.232
	Autocommit mode: undefined/unknown
	Isolation level: undefined/unknown
	Minimum pool size: undefined/unknown
	Maximum pool size: undefined/unknown
2025-03-21T07:44:26.018-03:00  INFO 8300 --- [garagem] [           main] o.h.e.t.j.p.i.JtaPlatformInitiator       : HHH000489: No JTA platform available (set 'hibernate.transaction.jta.platform' to enable JTA platform integration)
2025-03-21T07:44:26.022-03:00  INFO 8300 --- [garagem] [           main] j.LocalContainerEntityManagerFactoryBean : Initialized JPA EntityManagerFactory for persistence unit 'default'
2025-03-21T07:44:26.168-03:00  WARN 8300 --- [garagem] [           main] JpaBaseConfiguration$JpaWebConfiguration : spring.jpa.open-in-view is enabled by default. Therefore, database queries may be performed during view rendering. Explicitly configure spring.jpa.open-in-view to disable this warning
2025-03-21T07:44:26.573-03:00  INFO 8300 --- [garagem] [           main] b.e.l.garagem.GaragemApplicationTests    : Started GaragemApplicationTests in 2.551 seconds (process running for 3.316)
]]></system-out>
    <system-err><![CDATA[Mockito is currently self-attaching to enable the inline-mock-maker. This will no longer work in future releases of the JDK. Please add Mockito as an agent to your build what is described in Mockito's documentation: https://javadoc.io/doc/org.mockito/mockito-core/latest/org/mockito/Mockito.html#0.3
WARNING: A Java agent has been loaded dynamically (C:\Users\sesidevb\.m2\repository\net\bytebuddy\byte-buddy-agent\1.15.11\byte-buddy-agent-1.15.11.jar)
WARNING: If a serviceability tool is in use, please run with -XX:+EnableDynamicAgentLoading to hide this warning
WARNING: If a serviceability tool is not in use, please run with -Djdk.instrument.traceUsage for more information
WARNING: Dynamic loading of agents will be disallowed by default in a future release
]]></system-err>
  </testcase>
</testsuite>